{
  "RSpec": {
    "coverage": {
      "/Users/davidoregan/Documents/Development/RateMyCourse/app/helpers/application_helper.rb": [
        1,
        null,
        null,
        1,
        30,
        30,
        6,
        null,
        24,
        null,
        null,
        null
      ],
      "/Users/davidoregan/Documents/Development/RateMyCourse/app/helpers/static_pages_helper.rb": [
        1,
        null
      ],
      "/Users/davidoregan/Documents/Development/RateMyCourse/app/helpers/users_helper.rb": [
        1,
        null,
        null,
        1,
        2,
        2,
        2,
        null,
        null,
        null
      ],
      "/Users/davidoregan/Documents/Development/RateMyCourse/app/controllers/static_pages_controller.rb": [
        1,
        1,
        null,
        null,
        1,
        null,
        null,
        1,
        null,
        null,
        1,
        null,
        null
      ],
      "/Users/davidoregan/Documents/Development/RateMyCourse/app/controllers/application_controller.rb": [
        1,
        null,
        null,
        1,
        null
      ],
      "/Users/davidoregan/Documents/Development/RateMyCourse/app/controllers/users_controller.rb": [
        1,
        1,
        null,
        null,
        1,
        2,
        null,
        null,
        null
      ],
      "/Users/davidoregan/Documents/Development/RateMyCourse/app/models/user.rb": [
        1,
        1,
        7,
        null,
        1,
        1,
        1,
        null,
        null,
        1,
        null
      ]
    },
    "timestamp": 1408289433
  }
}
